<?xml version="1.0" encoding="UTF-8"?>
<testng-results ignored="0" total="1" passed="1" failed="0" skipped="0">
  <reporter-output>
  </reporter-output>
  <suite started-at="2025-07-10T10:39:06 IST" name="Default suite" finished-at="2025-07-10T10:39:12 IST" duration-ms="6292">
    <groups>
    </groups>
    <test started-at="2025-07-10T10:39:06 IST" name="Default test" finished-at="2025-07-10T10:39:12 IST" duration-ms="6292">
      <class name="testCases.TC001_AccountRegistrationTest">
        <test-method is-config="true" signature="randomeString()[pri:0, instance:testCases.TC001_AccountRegistrationTest@489115ef]" started-at="2025-07-10T10:39:06 IST" name="randomeString" finished-at="2025-07-10T10:39:06 IST" duration-ms="17" status="PASS">
          <reporter-output>
          </reporter-output>
        </test-method> <!-- randomeString -->
        <test-method is-config="true" signature="setup()[pri:0, instance:testCases.TC001_AccountRegistrationTest@489115ef]" started-at="2025-07-10T10:39:06 IST" name="setup" finished-at="2025-07-10T10:39:10 IST" duration-ms="3896" status="PASS">
          <reporter-output>
          </reporter-output>
        </test-method> <!-- setup -->
        <test-method signature="verify_account_registration()[pri:0, instance:testCases.TC001_AccountRegistrationTest@489115ef]" started-at="2025-07-10T10:39:10 IST" name="verify_account_registration" finished-at="2025-07-10T10:39:12 IST" duration-ms="2016" status="PASS">
          <reporter-output>
          </reporter-output>
        </test-method> <!-- verify_account_registration -->
        <test-method is-config="true" signature="tearDown()[pri:0, instance:testCases.TC001_AccountRegistrationTest@489115ef]" started-at="2025-07-10T10:39:12 IST" name="tearDown" finished-at="2025-07-10T10:39:12 IST" duration-ms="313" status="PASS">
          <reporter-output>
          </reporter-output>
        </test-method> <!-- tearDown -->
      </class> <!-- testCases.TC001_AccountRegistrationTest -->
    </test> <!-- Default test -->
  </suite> <!-- Default suite -->
</testng-results>
